data_source/upload.xml:
evolution/codingSnps.xml:
extract/extract_genomic_dna.xml:
extract/liftOver_wrapper.xml:
fastq/fastq_filter.xml:
fastq/fastq_groomer.xml:
fastq/fastq_manipulation.xml:
fastq/fastq_trimmer.xml:
fastx_toolkit/fastx_clipper.xml:
Fichier
filters/bed_to_bigbed.xml:
filters/cutWrapper.xml:
filters/gff/extract_GFF_Features.xml:
filters/gff/gff_filter_by_attribute.xml:The
filters/joiner.xml:
filters/randomlines.xml:
filters/wig_to_bigwig.xml:
gatk_2/base_recalibrator.xml:
gatk_2/depth_of_coverage.xml:
gatk_2/indel_realigner.xml:
gatk_2/print_reads.xml:
gatk_2/realigner_target_creator.xml:
gatk_2/unified_genotyper.xml:
gatk_2/variant_annotator.xml:
gatk_2/variant_apply_recalibration.xml:
gatk_2/variant_combine.xml:
gatk_2/variant_eval.xml:
gatk_2/variant_filtration.xml:
gatk_2/variant_recalibrator.xml:
gatk_2/variant_select.xml:
gatk_2/variants_validate.xml:
gatk/analyze_covariates.xml:
gatk/count_covariates.xml:
gatk/depth_of_coverage.xml:
gatk/indel_realigner.xml:
gatk/print_reads.xml:
gatk/realigner_target_creator.xml:
gatk/table_recalibration.xml:
gatk/unified_genotyper.xml:
gatk/variant_annotator.xml:
gatk/variant_apply_recalibration.xml:
gatk/variant_combine.xml:
gatk/variant_eval.xml:
gatk/variant_filtration.xml:
gatk/variant_recalibrator.xml:
gatk/variant_select.xml:
gatk/variants_validate.xml:
indels/indel_sam2interval.xml:
maf/genebed_maf_to_fasta.xml:
maf/interval2maf.xml:
maf/interval_maf_to_merged_fasta.xml:
maf/maf_filter.xml:
maf/maf_stats.xml:
maf/maf_to_fasta.xml:
maf/vcf_to_maf_customtrack.xml:
meme/fimo.xml:
meme/meme.xml:
metag_tools/blat_wrapper.xml:
metag_tools/mapping_to_ucsc.xml:
metag_tools/rmapq_wrapper.xml:
metag_tools/rmap_wrapper.xml:
metag_tools/short_reads_trim_seq.xml:
metag_tools/shrimp_color_wrapper.xml:
metag_tools/shrimp_wrapper.xml:
multivariate_stats/kcca.xml:
multivariate_stats/kpca.xml:
multivariate_stats/pca.xml:
mytools/aria_convert2.xml:
mytools/aria_convert.xml:
mytools/aria_project_launchor.xml:
mytools/Benoit_robert/findpromoter.xml:
mytools/clc_novo_assemble.xml:
mytools/ptaxoptimizer.xml:
mytools/ptaxo.xml:
mytools/snpEff2.xml:
new_operations/column_join.xml:
next_gen_conversion/fastq_conversions.xml:
next_gen_conversion/fastq_gen_conv.xml:
next_gen_conversion/solid2fastq.xml:
next_gen_conversion/solid_to_fastq.xml:
ngs_rna/cuffcompare_wrapper.xml:
ngs_rna/cuffdiff_wrapper.xml:
ngs_rna/cufflinks_wrapper.xml:
ngs_rna/cuffmerge_wrapper.xml:
ngs_rna/express_wrapper.xml:
ngs_rna/tophat2_wrapper.xml:
ngs_rna/tophat_color_wrapper.xml:
ngs_rna/tophat_wrapper.xml:
ngs_rna/trinity_all.xml:
ngs_simulation/ngs_simulation.xml:
peak_calling/ccat_2_wrapper.xml:
peak_calling/ccat_wrapper.xml:
peak_calling/macs_wrapper.xml:
phenotype_association/ctd.xml:
phenotype_association/dividePgSnpAlleles.xml:
phenotype_association/freebayes.xml:
phenotype_association/hilbertvis.xml:
phenotype_association/lps.xml:
phenotype_association/master2gd_snp.xml:
phenotype_association/pgSnp2gd_snp.xml:
phenotype_association/sift.xml:
phenotype_association/snpFreq.xml:
phenotype_association/vcf2pgSnp.xml:
plotting/bar_chart.xml:
plotting/boxplot.xml:
plotting/xy_plot.xml:
regVariation/getIndelRates_3way.xml:
regVariation/maf_cpg_filter.xml:
regVariation/microsats_mutability.xml:
regVariation/quality_filter.xml:
regVariation/substitution_rates.xml:
regVariation/windowSplitter.xml:
rgenetics/rgClustalw.xml:
rgenetics/rgfakePed.py:
rgenetics/rgfakePhe.py:
rgenetics/rgfakePhe.xml:
rgenetics/rgPedSub.xml:
rgenetics/rgWebLogo3.xml:
samtools/pileup_interval.xml:
samtools/pileup_parser.xml:
samtools/sam_pileup.xml:
samtools/sam_to_bam.xml:
samtools/samtools_mpileup.xml:
samtools/samtools_rmdup.xml:
solid_tools/maq_cs_wrapper.xml:
sr_assembly/velvetg.xml:
sr_mapping/bfast_wrapper.xml:
sr_mapping/bowtie2_wrapper.xml:
sr_mapping/mosaik.xml:
sr_mapping/PerM.xml:
sr_mapping/srma_wrapper.xml:
stats/aggregate_binned_scores_in_intervals.xml:
stats/dna_filtering.xml:The
stats/filtering.xml:The
stats/MINE.xml:
vcf_tools/annotate.xml:
vcf_tools/intersect.xml:
visualization/GMAJ.xml:
