data_source/microbial_import.xml:
data_source/upload.xml:
fasta_tools/tabular_to_fasta.xml:
filters/secure_hash_message_digest.xml:
filters/trimmer.xml:
filters/uniq.xml:
filters/wc_gnu.xml:
gatk_2/base_recalibrator.xml:
gatk_2/depth_of_coverage.xml:
gatk_2/unified_genotyper.xml:
gatk_2/variant_annotator.xml:
gatk_2/variant_eval.xml:
gatk_2/variant_recalibrator.xml:
gatk_2/variant_select.xml:
gatk/count_covariates.xml:
gatk/depth_of_coverage.xml:
gatk/unified_genotyper.xml:
gatk/variant_annotator.xml:
gatk/variant_eval.xml:
gatk/variant_recalibrator.xml:
gatk/variant_select.xml:
maf/genebed_maf_to_fasta.xml:
maf/interval2maf_pairwise.xml:
maf/interval2maf.xml:
maf/interval_maf_to_merged_fasta.xml:
maf/maf_stats.xml:
mytools/snpEff2.xml:
plotting/bar_chart.xml:
rgenetics/rgQQ.xml:
stats/cor.xml:
